<?xml version="1.0" encoding="UTF-8"?>
<!-- Generated by org.testng.reporters.JUnitReportReporter -->
<testsuite hostname="Razin-Win11" failures="0" tests="1" name="cucumber.TestNGTestRunner" time="6.343" errors="0" timestamp="2025-04-21T22:41:54 EDT" skipped="0">
  <testcase classname="cucumber.TestNGTestRunner" name="runScenario" time="6.343"/>
  <system-out/>
</testsuite> <!-- cucumber.TestNGTestRunner -->
