<?xml version="1.0" encoding="UTF-8"?>
<!-- Generated by org.testng.reporters.JUnitReportReporter -->
<testsuite hostname="razin-ubuntu" failures="0" tests="2" name="razinautomation.tests.ErrorValidationsTest" time="28.101" errors="0" timestamp="2025-04-09T10:23:34 EDT" skipped="0">
  <testcase classname="razinautomation.tests.ErrorValidationsTest" name="loginErrorValidation" time="7.974"/>
  <system-out/>
  <testcase classname="razinautomation.tests.ErrorValidationsTest" name="ProductErrorValidation" time="20.127"/>
  <system-out/>
</testsuite> <!-- razinautomation.tests.ErrorValidationsTest -->
