<?xml version="1.0" encoding="UTF-8"?>
<!-- Generated by org.testng.reporters.JUnitReportReporter -->
<testsuite hostname="Razin-Win11" failures="0" tests="2" name="razinautomation.tests.ErrorValidationsTest" time="33.879" errors="0" timestamp="2025-04-21T10:21:31 EDT" skipped="0">
  <testcase classname="razinautomation.tests.ErrorValidationsTest" name="ProductErrorValidation" time="19.860"/>
  <system-out/>
  <testcase classname="razinautomation.tests.ErrorValidationsTest" name="loginErrorValidation" time="14.019"/>
  <system-out/>
</testsuite> <!-- razinautomation.tests.ErrorValidationsTest -->
