<?xml version="1.0" encoding="UTF-8"?>
<!-- Generated by org.testng.reporters.JUnitReportReporter -->
<testsuite hostname="razin-ubuntu" failures="0" tests="4" name="razinautomation.tests.SubmitOrderTest" time="63.747" errors="0" timestamp="2025-04-09T10:23:34 EDT" skipped="0">
  <testcase classname="razinautomation.tests.SubmitOrderTest" name="submitOrder" time="21.328"/>
  <system-out/>
  <testcase classname="razinautomation.tests.SubmitOrderTest" name="OrderHistoryTest" time="6.174"/>
  <system-out/>
  <testcase classname="razinautomation.tests.SubmitOrderTest" name="submitOrder" time="11.015"/>
  <system-out/>
  <testcase classname="razinautomation.tests.SubmitOrderTest" name="EzraTestTC01" time="25.230"/>
  <system-out/>
</testsuite> <!-- razinautomation.tests.SubmitOrderTest -->
