<?xml version="1.0" encoding="UTF-8"?>
<!-- Generated by org.testng.reporters.JUnitReportReporter -->
<testsuite hostname="razin-ubuntu" failures="0" tests="1" name="razinautomation.tests.ErrorValidations" time="7.933" errors="0" timestamp="2025-03-06T16:24:59 EST" skipped="0">
  <testcase classname="razinautomation.tests.ErrorValidations" name="loginErrorValidation" time="7.933"/>
  <system-out/>
</testsuite> <!-- razinautomation.tests.ErrorValidations -->
