<?xml version="1.0" encoding="UTF-8"?>
<!-- Generated by org.testng.reporters.JUnitReportReporter -->
<testsuite hostname="razin-ubuntu" failures="0" tests="3" name="razinautomation.tests.SubmitOrderTest" time="52.254" errors="0" timestamp="2025-03-23T01:17:54 EDT" skipped="0">
  <testcase classname="razinautomation.tests.SubmitOrderTest" name="submitOrder" time="22.480"/>
  <testcase classname="razinautomation.tests.SubmitOrderTest" name="submitOrder" time="23.443"/>
  <testcase classname="razinautomation.tests.SubmitOrderTest" name="OrderHistoryTest" time="6.331"/>
</testsuite> <!-- razinautomation.tests.SubmitOrderTest -->
