<?xml version="1.0" encoding="UTF-8"?>
<!-- Generated by org.testng.reporters.JUnitReportReporter -->
<testsuite hostname="Razin-Win11" failures="0" tests="2" name="razinautomation.tests.ErrorValidationsTest" time="30.980" errors="0" timestamp="2025-04-21T22:43:52 EDT" skipped="0">
  <testcase classname="razinautomation.tests.ErrorValidationsTest" name="loginErrorValidation" time="8.166"/>
  <testcase classname="razinautomation.tests.ErrorValidationsTest" name="ProductErrorValidation" time="22.814"/>
</testsuite> <!-- razinautomation.tests.ErrorValidationsTest -->
