<?xml version="1.0" encoding="UTF-8"?>
<!-- Generated by org.testng.reporters.JUnitReportReporter -->
<testsuite hostname="Razin-Win11" failures="0" tests="3" name="razinautomation.tests.SubmitOrderTest" time="53.060" errors="0" timestamp="2025-04-21T22:43:52 EDT" skipped="0">
  <testcase classname="razinautomation.tests.SubmitOrderTest" name="submitOrder" time="22.792"/>
  <testcase classname="razinautomation.tests.SubmitOrderTest" name="OrderHistoryTest" time="8.368"/>
  <testcase classname="razinautomation.tests.SubmitOrderTest" name="submitOrder" time="21.900"/>
</testsuite> <!-- razinautomation.tests.SubmitOrderTest -->
