<?xml version="1.0" encoding="UTF-8"?>
<!-- Generated by org.testng.reporters.JUnitReportReporter -->
<testsuite hostname="razin-ubuntu" failures="0" tests="2" name="razinautomation.tests.ErrorValidationsTest" time="27.591" errors="0" timestamp="2025-03-23T01:17:54 EDT" skipped="0">
  <testcase classname="razinautomation.tests.ErrorValidationsTest" name="loginErrorValidation" time="7.799"/>
  <testcase classname="razinautomation.tests.ErrorValidationsTest" name="ProductErrorValidation" time="19.792"/>
</testsuite> <!-- razinautomation.tests.ErrorValidationsTest -->
